<?xml version="1.0" encoding="UTF-8"?>
<!-- Generated by org.testng.reporters.JUnitReportReporter -->
<testsuite hostname="LAPTOP-7M5T8T1F" failures="0" tests="1" name="com.bookmyshow.TestScripts.TestBookingFlow" time="10.696" errors="0" timestamp="31 May 2021 14:56:02 GMT">
  <testcase classname="com.bookmyshow.TestScripts.TestBookingFlow" name="testBookMovieTickets" time="10.696"/>
</testsuite> <!-- com.bookmyshow.TestScripts.TestBookingFlow -->
